This file contains any messages produced by compilers while
running configure, to aid debugging if configure makes a mistake.

It was created by libusb configure 0.1.12, which was
generated by GNU Autoconf 2.68.  Invocation command line was

  $ ./configure --no-create --no-recursion

## --------- ##
## Platform. ##
## --------- ##

hostname = intern
uname -m = x86_64
uname -r = 3.2.0-24-generic
uname -s = Linux
uname -v = #39-Ubuntu SMP Mon May 21 16:52:17 UTC 2012

/usr/bin/uname -p = unknown
/bin/uname -X     = unknown

/bin/arch              = unknown
/usr/bin/arch -k       = unknown
/usr/convex/getsysinfo = unknown
/usr/bin/hostinfo      = unknown
/bin/machine           = unknown
/usr/bin/oslevel       = unknown
/bin/universe          = unknown

PATH: /usr/local/sbin
PATH: /usr/local/bin
PATH: /usr/sbin
PATH: /usr/bin
PATH: /sbin
PATH: /bin


## ----------- ##
## Core tests. ##
## ----------- ##

configure:2803: checking for a BSD-compatible install
configure:2871: result: /usr/bin/install -c
configure:2882: checking whether build environment is sane
configure:2919: result: yes
configure:2973: checking for gawk
configure:2989: found /usr/bin/gawk
configure:3000: result: gawk
configure:3011: checking whether make sets $(MAKE)
configure:3033: result: yes
configure:3350: checking build system type
configure:3364: result: x86_64-unknown-linux-gnu
configure:3384: checking host system type
configure:3397: result: x86_64-unknown-linux-gnu
configure:3429: checking for style of include used by make
configure:3457: result: GNU
configure:3530: checking for gcc
configure:3546: found /usr/bin/gcc
configure:3557: result: gcc
configure:3786: checking for C compiler version
configure:3795: gcc --version >&5
gcc-4.6.real (Ubuntu/Linaro 4.6.3-1ubuntu5) 4.6.3
Copyright (C) 2011 Free Software Foundation, Inc.
This is free software; see the source for copying conditions.  There is NO
warranty; not even for MERCHANTABILITY or FITNESS FOR A PARTICULAR PURPOSE.

configure:3806: $? = 0
configure:3795: gcc -v >&5
Using built-in specs.
COLLECT_GCC=/usr/bin/gcc-4.6.real
COLLECT_LTO_WRAPPER=/usr/lib/gcc/x86_64-linux-gnu/4.6/lto-wrapper
Target: x86_64-linux-gnu
Configured with: ../src/configure -v --with-pkgversion='Ubuntu/Linaro 4.6.3-1ubuntu5' --with-bugurl=file:///usr/share/doc/gcc-4.6/README.Bugs --enable-languages=c,c++,fortran,objc,obj-c++ --prefix=/usr --program-suffix=-4.6 --enable-shared --enable-linker-build-id --with-system-zlib --libexecdir=/usr/lib --without-included-gettext --enable-threads=posix --with-gxx-include-dir=/usr/include/c++/4.6 --libdir=/usr/lib --enable-nls --with-sysroot=/ --enable-clocale=gnu --enable-libstdcxx-debug --enable-libstdcxx-time=yes --enable-gnu-unique-object --enable-plugin --enable-objc-gc --disable-werror --with-arch-32=i686 --with-tune=generic --enable-checking=release --build=x86_64-linux-gnu --host=x86_64-linux-gnu --target=x86_64-linux-gnu
Thread model: posix
gcc version 4.6.3 (Ubuntu/Linaro 4.6.3-1ubuntu5) 
configure:3806: $? = 0
configure:3795: gcc -V >&5
gcc-4.6.real: error: unrecognized option '-V'
gcc-4.6.real: fatal error: no input files
compilation terminated.
configure:3806: $? = 4
configure:3795: gcc -qversion >&5
gcc-4.6.real: error: unrecognized option '-qversion'
gcc-4.6.real: fatal error: no input files
compilation terminated.
configure:3806: $? = 4
configure:3826: checking whether the C compiler works
configure:3848: gcc    conftest.c  >&5
configure:3852: $? = 0
configure:3900: result: yes
configure:3903: checking for C compiler default output file name
configure:3905: result: a.out
configure:3911: checking for suffix of executables
configure:3918: gcc -o conftest    conftest.c  >&5
configure:3922: $? = 0
configure:3944: result: 
configure:3966: checking whether we are cross compiling
configure:3974: gcc -o conftest    conftest.c  >&5
configure:3978: $? = 0
configure:3985: ./conftest
configure:3989: $? = 0
configure:4004: result: no
configure:4009: checking for suffix of object files
configure:4031: gcc -c   conftest.c >&5
configure:4035: $? = 0
configure:4056: result: o
configure:4060: checking whether we are using the GNU C compiler
configure:4079: gcc -c   conftest.c >&5
configure:4079: $? = 0
configure:4088: result: yes
configure:4097: checking whether gcc accepts -g
configure:4117: gcc -c -g  conftest.c >&5
configure:4117: $? = 0
configure:4158: result: yes
configure:4175: checking for gcc option to accept ISO C89
configure:4239: gcc  -c -g -O2  conftest.c >&5
configure:4239: $? = 0
configure:4252: result: none needed
configure:4274: checking dependency style of gcc
configure:4359: result: gcc3
configure:4376: checking for a sed that does not truncate output
configure:4430: result: /bin/sed
configure:4433: checking for grep that handles long lines and -e
configure:4491: result: /bin/grep
configure:4496: checking for egrep
configure:4558: result: /bin/grep -E
configure:4574: checking for ld used by gcc
configure:4641: result: /usr/bin/ld
configure:4648: checking if the linker (/usr/bin/ld) is GNU ld
configure:4663: result: yes
configure:4668: checking for /usr/bin/ld option to reload object files
configure:4675: result: -r
configure:4684: checking for BSD-compatible nm
configure:4726: result: /usr/bin/nm -B
configure:4730: checking whether ln -s works
configure:4734: result: yes
configure:4741: checking how to recognise dependent libraries
configure:4924: result: pass_all
configure:5009: gcc -c -g -O2  conftest.c >&5
configure:5012: $? = 0
configure:5110: checking how to run the C preprocessor
configure:5141: gcc -E  conftest.c
configure:5141: $? = 0
configure:5155: gcc -E  conftest.c
conftest.c:16:28: fatal error: ac_nonexistent.h: No such file or directory
compilation terminated.
configure:5155: $? = 1
configure: failed program was:
| /* confdefs.h */
| #define PACKAGE_NAME "libusb"
| #define PACKAGE_TARNAME "libusb"
| #define PACKAGE_VERSION "0.1.12"
| #define PACKAGE_STRING "libusb 0.1.12"
| #define PACKAGE_BUGREPORT ""
| #define PACKAGE_URL ""
| #define PACKAGE "libusb"
| #define VERSION "0.1.12"
| #define LIBUSB_MAJOR_VERSION 0
| #define LIBUSB_MINOR_VERSION 1
| #define LIBUSB_MICRO_VERSION 12
| #define LIBUSB_INTERFACE_AGE 4
| #define LIBUSB_BINARY_AGE 8
| /* end confdefs.h.  */
| #include <ac_nonexistent.h>
configure:5180: result: gcc -E
configure:5200: gcc -E  conftest.c
configure:5200: $? = 0
configure:5214: gcc -E  conftest.c
conftest.c:16:28: fatal error: ac_nonexistent.h: No such file or directory
compilation terminated.
configure:5214: $? = 1
configure: failed program was:
| /* confdefs.h */
| #define PACKAGE_NAME "libusb"
| #define PACKAGE_TARNAME "libusb"
| #define PACKAGE_VERSION "0.1.12"
| #define PACKAGE_STRING "libusb 0.1.12"
| #define PACKAGE_BUGREPORT ""
| #define PACKAGE_URL ""
| #define PACKAGE "libusb"
| #define VERSION "0.1.12"
| #define LIBUSB_MAJOR_VERSION 0
| #define LIBUSB_MINOR_VERSION 1
| #define LIBUSB_MICRO_VERSION 12
| #define LIBUSB_INTERFACE_AGE 4
| #define LIBUSB_BINARY_AGE 8
| /* end confdefs.h.  */
| #include <ac_nonexistent.h>
configure:5243: checking for ANSI C header files
configure:5263: gcc -c -g -O2  conftest.c >&5
configure:5263: $? = 0
configure:5336: gcc -o conftest -g -O2   conftest.c  >&5
configure:5336: $? = 0
configure:5336: ./conftest
configure:5336: $? = 0
configure:5347: result: yes
configure:5360: checking for sys/types.h
configure:5360: gcc -c -g -O2  conftest.c >&5
configure:5360: $? = 0
configure:5360: result: yes
configure:5360: checking for sys/stat.h
configure:5360: gcc -c -g -O2  conftest.c >&5
configure:5360: $? = 0
configure:5360: result: yes
configure:5360: checking for stdlib.h
configure:5360: gcc -c -g -O2  conftest.c >&5
configure:5360: $? = 0
configure:5360: result: yes
configure:5360: checking for string.h
configure:5360: gcc -c -g -O2  conftest.c >&5
configure:5360: $? = 0
configure:5360: result: yes
configure:5360: checking for memory.h
configure:5360: gcc -c -g -O2  conftest.c >&5
configure:5360: $? = 0
configure:5360: result: yes
configure:5360: checking for strings.h
configure:5360: gcc -c -g -O2  conftest.c >&5
configure:5360: $? = 0
configure:5360: result: yes
configure:5360: checking for inttypes.h
configure:5360: gcc -c -g -O2  conftest.c >&5
configure:5360: $? = 0
configure:5360: result: yes
configure:5360: checking for stdint.h
configure:5360: gcc -c -g -O2  conftest.c >&5
configure:5360: $? = 0
configure:5360: result: yes
configure:5360: checking for unistd.h
configure:5360: gcc -c -g -O2  conftest.c >&5
configure:5360: $? = 0
configure:5360: result: yes
configure:5374: checking dlfcn.h usability
configure:5374: gcc -c -g -O2  conftest.c >&5
configure:5374: $? = 0
configure:5374: result: yes
configure:5374: checking dlfcn.h presence
configure:5374: gcc -E  conftest.c
configure:5374: $? = 0
configure:5374: result: yes
configure:5374: checking for dlfcn.h
configure:5374: result: yes
configure:5442: checking for g++
configure:5458: found /usr/bin/g++
configure:5469: result: g++
configure:5496: checking for C++ compiler version
configure:5505: g++ --version >&5
g++-4.6.real (Ubuntu/Linaro 4.6.3-1ubuntu5) 4.6.3
Copyright (C) 2011 Free Software Foundation, Inc.
This is free software; see the source for copying conditions.  There is NO
warranty; not even for MERCHANTABILITY or FITNESS FOR A PARTICULAR PURPOSE.

configure:5516: $? = 0
configure:5505: g++ -v >&5
Using built-in specs.
COLLECT_GCC=/usr/bin/g++-4.6.real
COLLECT_LTO_WRAPPER=/usr/lib/gcc/x86_64-linux-gnu/4.6/lto-wrapper
Target: x86_64-linux-gnu
Configured with: ../src/configure -v --with-pkgversion='Ubuntu/Linaro 4.6.3-1ubuntu5' --with-bugurl=file:///usr/share/doc/gcc-4.6/README.Bugs --enable-languages=c,c++,fortran,objc,obj-c++ --prefix=/usr --program-suffix=-4.6 --enable-shared --enable-linker-build-id --with-system-zlib --libexecdir=/usr/lib --without-included-gettext --enable-threads=posix --with-gxx-include-dir=/usr/include/c++/4.6 --libdir=/usr/lib --enable-nls --with-sysroot=/ --enable-clocale=gnu --enable-libstdcxx-debug --enable-libstdcxx-time=yes --enable-gnu-unique-object --enable-plugin --enable-objc-gc --disable-werror --with-arch-32=i686 --with-tune=generic --enable-checking=release --build=x86_64-linux-gnu --host=x86_64-linux-gnu --target=x86_64-linux-gnu
Thread model: posix
gcc version 4.6.3 (Ubuntu/Linaro 4.6.3-1ubuntu5) 
configure:5516: $? = 0
configure:5505: g++ -V >&5
g++-4.6.real: error: unrecognized option '-V'
g++-4.6.real: fatal error: no input files
compilation terminated.
configure:5516: $? = 4
configure:5505: g++ -qversion >&5
g++-4.6.real: error: unrecognized option '-qversion'
g++-4.6.real: fatal error: no input files
compilation terminated.
configure:5516: $? = 4
configure:5520: checking whether we are using the GNU C++ compiler
configure:5539: g++ -c   conftest.cpp >&5
configure:5539: $? = 0
configure:5548: result: yes
configure:5557: checking whether g++ accepts -g
configure:5577: g++ -c -g  conftest.cpp >&5
configure:5577: $? = 0
configure:5618: result: yes
configure:5643: checking dependency style of g++
configure:5728: result: gcc3
configure:5750: checking how to run the C++ preprocessor
configure:5777: g++ -E  conftest.cpp
configure:5777: $? = 0
configure:5791: g++ -E  conftest.cpp
conftest.cpp:27:28: fatal error: ac_nonexistent.h: No such file or directory
compilation terminated.
configure:5791: $? = 1
configure: failed program was:
| /* confdefs.h */
| #define PACKAGE_NAME "libusb"
| #define PACKAGE_TARNAME "libusb"
| #define PACKAGE_VERSION "0.1.12"
| #define PACKAGE_STRING "libusb 0.1.12"
| #define PACKAGE_BUGREPORT ""
| #define PACKAGE_URL ""
| #define PACKAGE "libusb"
| #define VERSION "0.1.12"
| #define LIBUSB_MAJOR_VERSION 0
| #define LIBUSB_MINOR_VERSION 1
| #define LIBUSB_MICRO_VERSION 12
| #define LIBUSB_INTERFACE_AGE 4
| #define LIBUSB_BINARY_AGE 8
| #define STDC_HEADERS 1
| #define HAVE_SYS_TYPES_H 1
| #define HAVE_SYS_STAT_H 1
| #define HAVE_STDLIB_H 1
| #define HAVE_STRING_H 1
| #define HAVE_MEMORY_H 1
| #define HAVE_STRINGS_H 1
| #define HAVE_INTTYPES_H 1
| #define HAVE_STDINT_H 1
| #define HAVE_UNISTD_H 1
| #define HAVE_DLFCN_H 1
| /* end confdefs.h.  */
| #include <ac_nonexistent.h>
configure:5816: result: g++ -E
configure:5836: g++ -E  conftest.cpp
configure:5836: $? = 0
configure:5850: g++ -E  conftest.cpp
conftest.cpp:27:28: fatal error: ac_nonexistent.h: No such file or directory
compilation terminated.
configure:5850: $? = 1
configure: failed program was:
| /* confdefs.h */
| #define PACKAGE_NAME "libusb"
| #define PACKAGE_TARNAME "libusb"
| #define PACKAGE_VERSION "0.1.12"
| #define PACKAGE_STRING "libusb 0.1.12"
| #define PACKAGE_BUGREPORT ""
| #define PACKAGE_URL ""
| #define PACKAGE "libusb"
| #define VERSION "0.1.12"
| #define LIBUSB_MAJOR_VERSION 0
| #define LIBUSB_MINOR_VERSION 1
| #define LIBUSB_MICRO_VERSION 12
| #define LIBUSB_INTERFACE_AGE 4
| #define LIBUSB_BINARY_AGE 8
| #define STDC_HEADERS 1
| #define HAVE_SYS_TYPES_H 1
| #define HAVE_SYS_STAT_H 1
| #define HAVE_STDLIB_H 1
| #define HAVE_STRING_H 1
| #define HAVE_MEMORY_H 1
| #define HAVE_STRINGS_H 1
| #define HAVE_INTTYPES_H 1
| #define HAVE_STDINT_H 1
| #define HAVE_UNISTD_H 1
| #define HAVE_DLFCN_H 1
| /* end confdefs.h.  */
| #include <ac_nonexistent.h>
configure:5932: checking for g77
configure:5962: result: no
configure:5932: checking for xlf
configure:5962: result: no
configure:5932: checking for f77
configure:5962: result: no
configure:5932: checking for frt
configure:5962: result: no
configure:5932: checking for pgf77
configure:5962: result: no
configure:5932: checking for cf77
configure:5962: result: no
configure:5932: checking for fort77
configure:5962: result: no
configure:5932: checking for fl32
configure:5962: result: no
configure:5932: checking for af77
configure:5962: result: no
configure:5932: checking for xlf90
configure:5962: result: no
configure:5932: checking for f90
configure:5962: result: no
configure:5932: checking for pgf90
configure:5962: result: no
configure:5932: checking for pghpf
configure:5962: result: no
configure:5932: checking for epcf90
configure:5962: result: no
configure:5932: checking for gfortran
configure:5962: result: no
configure:5932: checking for g95
configure:5962: result: no
configure:5932: checking for xlf95
configure:5962: result: no
configure:5932: checking for f95
configure:5962: result: no
configure:5932: checking for fort
configure:5962: result: no
configure:5932: checking for ifort
configure:5962: result: no
configure:5932: checking for ifc
configure:5962: result: no
configure:5932: checking for efc
configure:5962: result: no
configure:5932: checking for pgfortran
configure:5962: result: no
configure:5932: checking for pgf95
configure:5962: result: no
configure:5932: checking for lf95
configure:5962: result: no
configure:5932: checking for ftn
configure:5962: result: no
configure:5985: checking for Fortran 77 compiler version
configure:5994:  --version >&5
./configure: line 5996: --version: command not found
configure:6005: $? = 127
configure:5994:  -v >&5
./configure: line 5996: -v: command not found
configure:6005: $? = 127
configure:5994:  -V >&5
./configure: line 5996: -V: command not found
configure:6005: $? = 127
configure:5994:  -qversion >&5
./configure: line 5996: -qversion: command not found
configure:6005: $? = 127
configure:6014: checking whether we are using the GNU Fortran 77 compiler
configure:6027:  -c  conftest.F >&5
./configure: line 2202: -c: command not found
configure:6027: $? = 127
configure: failed program was:
|       program main
| #ifndef __GNUC__
|        choke me
| #endif
| 
|       end
configure:6036: result: no
configure:6042: checking whether  accepts -g
configure:6053:  -c -g conftest.f >&5
./configure: line 2202: -c: command not found
configure:6053: $? = 127
configure: failed program was:
|       program main
| 
|       end
configure:6061: result: no
configure:6095: checking the maximum length of command line arguments
configure:6160: result: 32768
configure:6171: checking command to parse /usr/bin/nm -B output from gcc object
configure:6260: gcc -c -g -O2  conftest.c >&5
configure:6263: $? = 0
configure:6267: /usr/bin/nm -B conftest.o \| sed -n -e 's/^.*[ 	]\([ABCDGIRSTW][ABCDGIRSTW]*\)[ 	][ 	]*\(\)\([_A-Za-z][_A-Za-z0-9]*\)$/\1 \2\3 \3/p' \> conftest.nm
configure:6270: $? = 0
configure:6322: gcc -o conftest -g -O2   conftest.c conftstm.o >&5
configure:6325: $? = 0
configure:6363: result: ok
configure:6367: checking for objdir
configure:6382: result: .libs
configure:6474: checking for ar
configure:6490: found /usr/bin/ar
configure:6501: result: ar
configure:6566: checking for ranlib
configure:6582: found /usr/bin/ranlib
configure:6593: result: ranlib
configure:6658: checking for strip
configure:6674: found /usr/bin/strip
configure:6685: result: strip
configure:6957: checking if gcc static flag  works
configure:6980: result: yes
configure:6998: checking if gcc supports -fno-rtti -fno-exceptions
configure:7016: gcc -c -g -O2  -fno-rtti -fno-exceptions conftest.c >&5
cc1: warning: command line option '-fno-rtti' is valid for C++/ObjC++ but not for C [enabled by default]
configure:7020: $? = 0
configure:7031: result: no
configure:7046: checking for gcc option to produce PIC
configure:7223: result: -fPIC
configure:7231: checking if gcc PIC flag -fPIC works
configure:7249: gcc -c -g -O2  -fPIC -DPIC conftest.c >&5
configure:7253: $? = 0
configure:7264: result: yes
configure:7288: checking if gcc supports -c -o file.o
configure:7309: gcc -c -g -O2  -o out/conftest2.o conftest.c >&5
configure:7313: $? = 0
configure:7333: result: yes
configure:7359: checking whether the gcc linker (/usr/bin/ld -m elf_x86_64) supports shared libraries
configure:8149: result: yes
configure:8175: checking whether -lc should be explicitly linked in
configure:8180: gcc -c -g -O2  conftest.c >&5
configure:8183: $? = 0
configure:8197: gcc -shared conftest.o  -v -Wl,-soname -Wl,conftest -o conftest 2\>\&1 \| grep  -lc  \>/dev/null 2\>\&1
configure:8200: $? = 0
configure:8212: result: no
configure:8220: checking dynamic linker characteristics
configure:8586: gcc -c -g -O2  conftest.c >&5
configure:8589: $? = 0
configure:8781: result: GNU/Linux ld.so
configure:8785: checking how to hardcode library paths into programs
configure:8810: result: immediate
configure:8824: checking whether stripping libraries is possible
configure:8829: result: yes
configure:9341: checking if libtool supports shared libraries
configure:9343: result: yes
configure:9346: checking whether to build shared libraries
configure:9404: result: yes
configure:9407: checking whether to build static libraries
configure:9411: result: yes
configure:9503: creating libtool
configure:10046: checking for ld used by g++
configure:10113: result: /usr/bin/ld -m elf_x86_64
configure:10120: checking if the linker (/usr/bin/ld -m elf_x86_64) is GNU ld
configure:10135: result: yes
configure:10186: checking whether the g++ linker (/usr/bin/ld -m elf_x86_64) supports shared libraries
configure:10956: result: yes
configure:10974: g++ -c -g -O2  conftest.cc >&5
configure:10977: $? = 0
configure:11073: checking for g++ option to produce PIC
configure:11325: result: -fPIC
configure:11333: checking if g++ PIC flag -fPIC works
configure:11351: g++ -c -g -O2  -fPIC -DPIC conftest.cc >&5
configure:11355: $? = 0
configure:11366: result: yes
configure:11390: checking if g++ supports -c -o file.o
configure:11411: g++ -c -g -O2  -o out/conftest2.o conftest.cc >&5
configure:11415: $? = 0
configure:11435: result: yes
configure:11461: checking whether the g++ linker (/usr/bin/ld -m elf_x86_64) supports shared libraries
configure:11486: result: yes
configure:11557: checking dynamic linker characteristics
configure:11923: g++ -c -g -O2  conftest.cc >&5
configure:11926: $? = 0
configure:12118: result: GNU/Linux ld.so
configure:12122: checking how to hardcode library paths into programs
configure:12147: result: immediate
configure:12161: checking whether stripping libraries is possible
configure:12166: result: yes
configure:18699: checking for what USB OS support
configure:18711: result: Linux
configure:18858: checking for gcc
configure:18885: result: gcc
configure:19114: checking for C compiler version
configure:19123: gcc --version >&5
gcc-4.6.real (Ubuntu/Linaro 4.6.3-1ubuntu5) 4.6.3
Copyright (C) 2011 Free Software Foundation, Inc.
This is free software; see the source for copying conditions.  There is NO
warranty; not even for MERCHANTABILITY or FITNESS FOR A PARTICULAR PURPOSE.

configure:19134: $? = 0
configure:19123: gcc -v >&5
Using built-in specs.
COLLECT_GCC=/usr/bin/gcc-4.6.real
COLLECT_LTO_WRAPPER=/usr/lib/gcc/x86_64-linux-gnu/4.6/lto-wrapper
Target: x86_64-linux-gnu
Configured with: ../src/configure -v --with-pkgversion='Ubuntu/Linaro 4.6.3-1ubuntu5' --with-bugurl=file:///usr/share/doc/gcc-4.6/README.Bugs --enable-languages=c,c++,fortran,objc,obj-c++ --prefix=/usr --program-suffix=-4.6 --enable-shared --enable-linker-build-id --with-system-zlib --libexecdir=/usr/lib --without-included-gettext --enable-threads=posix --with-gxx-include-dir=/usr/include/c++/4.6 --libdir=/usr/lib --enable-nls --with-sysroot=/ --enable-clocale=gnu --enable-libstdcxx-debug --enable-libstdcxx-time=yes --enable-gnu-unique-object --enable-plugin --enable-objc-gc --disable-werror --with-arch-32=i686 --with-tune=generic --enable-checking=release --build=x86_64-linux-gnu --host=x86_64-linux-gnu --target=x86_64-linux-gnu
Thread model: posix
gcc version 4.6.3 (Ubuntu/Linaro 4.6.3-1ubuntu5) 
configure:19134: $? = 0
configure:19123: gcc -V >&5
gcc-4.6.real: error: unrecognized option '-V'
gcc-4.6.real: fatal error: no input files
compilation terminated.
configure:19134: $? = 4
configure:19123: gcc -qversion >&5
gcc-4.6.real: error: unrecognized option '-qversion'
gcc-4.6.real: fatal error: no input files
compilation terminated.
configure:19134: $? = 4
configure:19138: checking whether we are using the GNU C compiler
configure:19166: result: yes
configure:19175: checking whether gcc accepts -g
configure:19236: result: yes
configure:19253: checking for gcc option to accept ISO C89
configure:19330: result: none needed
configure:19352: checking dependency style of gcc
configure:19437: result: gcc3
configure:19455: checking whether gcc and cc understand -c and -o together
configure:19486: gcc -c conftest.cpp -o conftest2.o >&5
configure:19490: $? = 0
configure:19496: gcc -c conftest.cpp -o conftest2.o >&5
configure:19500: $? = 0
configure:19511: cc -c conftest.cpp >&5
configure:19515: $? = 0
configure:19523: cc -c conftest.cpp -o conftest2.o >&5
configure:19527: $? = 0
configure:19533: cc -c conftest.cpp -o conftest2.o >&5
configure:19537: $? = 0
configure:19555: result: yes
configure:19589: checking for ANSI C header files
configure:19693: result: yes
configure:19705: checking for vprintf
configure:19705: g++ -o conftest -g -O2   conftest.cpp  >&5
configure:19705: $? = 0
configure:19705: result: yes
configure:19711: checking for _doprnt
configure:19711: g++ -o conftest -g -O2   conftest.cpp  >&5
/tmp/ccBqnVQm.o: In function `main':
/home/roxanne/Projects/usb_driver/libusb-0.1.12/conftest.cpp:66: undefined reference to `_doprnt'
collect2: ld returned 1 exit status
configure:19711: $? = 1
configure: failed program was:
| /* confdefs.h */
| #define PACKAGE_NAME "libusb"
| #define PACKAGE_TARNAME "libusb"
| #define PACKAGE_VERSION "0.1.12"
| #define PACKAGE_STRING "libusb 0.1.12"
| #define PACKAGE_BUGREPORT ""
| #define PACKAGE_URL ""
| #define PACKAGE "libusb"
| #define VERSION "0.1.12"
| #define LIBUSB_MAJOR_VERSION 0
| #define LIBUSB_MINOR_VERSION 1
| #define LIBUSB_MICRO_VERSION 12
| #define LIBUSB_INTERFACE_AGE 4
| #define LIBUSB_BINARY_AGE 8
| #define STDC_HEADERS 1
| #define HAVE_SYS_TYPES_H 1
| #define HAVE_SYS_STAT_H 1
| #define HAVE_STDLIB_H 1
| #define HAVE_STRING_H 1
| #define HAVE_MEMORY_H 1
| #define HAVE_STRINGS_H 1
| #define HAVE_INTTYPES_H 1
| #define HAVE_STDINT_H 1
| #define HAVE_UNISTD_H 1
| #define HAVE_DLFCN_H 1
| #define LINUX_API 1
| #define BSD_API 0
| #define DARWIN_API 0
| #define STDC_HEADERS 1
| #define HAVE_VPRINTF 1
| /* end confdefs.h.  */
| /* Define _doprnt to an innocuous variant, in case <limits.h> declares _doprnt.
|    For example, HP-UX 11i <limits.h> declares gettimeofday.  */
| #define _doprnt innocuous__doprnt
| 
| /* System header to define __stub macros and hopefully few prototypes,
|     which can conflict with char _doprnt (); below.
|     Prefer <limits.h> to <assert.h> if __STDC__ is defined, since
|     <limits.h> exists even on freestanding compilers.  */
| 
| #ifdef __STDC__
| # include <limits.h>
| #else
| # include <assert.h>
| #endif
| 
| #undef _doprnt
| 
| /* Override any GCC internal prototype to avoid an error.
|    Use char because int might match the return type of a GCC
|    builtin and then its argument prototype would still apply.  */
| #ifdef __cplusplus
| extern "C"
| #endif
| char _doprnt ();
| /* The GNU C library defines this for functions which it implements
|     to always fail with ENOSYS.  Some functions are actually named
|     something starting with __ and the normal name is an alias.  */
| #if defined __stub__doprnt || defined __stub____doprnt
| choke me
| #endif
| 
| int
| main ()
| {
| return _doprnt ();
|   ;
|   return 0;
| }
configure:19711: result: no
configure:19723: checking for an ANSI C-conforming const
configure:19788: g++ -c -g -O2  conftest.cpp >&5
configure:19788: $? = 0
configure:19795: result: yes
configure:19804: checking whether byte ordering is bigendian
configure:19819: g++ -c -g -O2  conftest.cpp >&5
conftest.cpp:33:9: error: expected unqualified-id before 'not' token
configure:19819: $? = 1
configure: failed program was:
| /* confdefs.h */
| #define PACKAGE_NAME "libusb"
| #define PACKAGE_TARNAME "libusb"
| #define PACKAGE_VERSION "0.1.12"
| #define PACKAGE_STRING "libusb 0.1.12"
| #define PACKAGE_BUGREPORT ""
| #define PACKAGE_URL ""
| #define PACKAGE "libusb"
| #define VERSION "0.1.12"
| #define LIBUSB_MAJOR_VERSION 0
| #define LIBUSB_MINOR_VERSION 1
| #define LIBUSB_MICRO_VERSION 12
| #define LIBUSB_INTERFACE_AGE 4
| #define LIBUSB_BINARY_AGE 8
| #define STDC_HEADERS 1
| #define HAVE_SYS_TYPES_H 1
| #define HAVE_SYS_STAT_H 1
| #define HAVE_STDLIB_H 1
| #define HAVE_STRING_H 1
| #define HAVE_MEMORY_H 1
| #define HAVE_STRINGS_H 1
| #define HAVE_INTTYPES_H 1
| #define HAVE_STDINT_H 1
| #define HAVE_UNISTD_H 1
| #define HAVE_DLFCN_H 1
| #define LINUX_API 1
| #define BSD_API 0
| #define DARWIN_API 0
| #define STDC_HEADERS 1
| #define HAVE_VPRINTF 1
| /* end confdefs.h.  */
| #ifndef __APPLE_CC__
| 	       not a universal capable compiler
| 	     #endif
| 	     typedef int dummy;
| 
configure:19864: g++ -c -g -O2  conftest.cpp >&5
configure:19864: $? = 0
configure:19882: g++ -c -g -O2  conftest.cpp >&5
conftest.cpp: In function 'int main()':
conftest.cpp:39:8: error: 'big' was not declared in this scope
conftest.cpp:39:12: error: expected ';' before 'endian'
configure:19882: $? = 1
configure: failed program was:
| /* confdefs.h */
| #define PACKAGE_NAME "libusb"
| #define PACKAGE_TARNAME "libusb"
| #define PACKAGE_VERSION "0.1.12"
| #define PACKAGE_STRING "libusb 0.1.12"
| #define PACKAGE_BUGREPORT ""
| #define PACKAGE_URL ""
| #define PACKAGE "libusb"
| #define VERSION "0.1.12"
| #define LIBUSB_MAJOR_VERSION 0
| #define LIBUSB_MINOR_VERSION 1
| #define LIBUSB_MICRO_VERSION 12
| #define LIBUSB_INTERFACE_AGE 4
| #define LIBUSB_BINARY_AGE 8
| #define STDC_HEADERS 1
| #define HAVE_SYS_TYPES_H 1
| #define HAVE_SYS_STAT_H 1
| #define HAVE_STDLIB_H 1
| #define HAVE_STRING_H 1
| #define HAVE_MEMORY_H 1
| #define HAVE_STRINGS_H 1
| #define HAVE_INTTYPES_H 1
| #define HAVE_STDINT_H 1
| #define HAVE_UNISTD_H 1
| #define HAVE_DLFCN_H 1
| #define LINUX_API 1
| #define BSD_API 0
| #define DARWIN_API 0
| #define STDC_HEADERS 1
| #define HAVE_VPRINTF 1
| /* end confdefs.h.  */
| #include <sys/types.h>
| 		#include <sys/param.h>
| 
| int
| main ()
| {
| #if BYTE_ORDER != BIG_ENDIAN
| 		 not big endian
| 		#endif
| 
|   ;
|   return 0;
| }
configure:20010: result: no
configure:20038: checking limits.h usability
configure:20038: g++ -c -g -O2  conftest.cpp >&5
configure:20038: $? = 0
configure:20038: result: yes
configure:20038: checking limits.h presence
configure:20038: g++ -E  conftest.cpp
configure:20038: $? = 0
configure:20038: result: yes
configure:20038: checking for limits.h
configure:20038: result: yes
configure:20053: checking for unistd.h
configure:20053: result: yes
configure:20068: checking values.h usability
configure:20068: g++ -c -g -O2  conftest.cpp >&5
configure:20068: $? = 0
configure:20068: result: yes
configure:20068: checking values.h presence
configure:20068: g++ -E  conftest.cpp
configure:20068: $? = 0
configure:20068: result: yes
configure:20068: checking for values.h
configure:20068: result: yes
configure:20085: checking for memmove
configure:20085: g++ -o conftest -g -O2   conftest.cpp  >&5
configure:20085: $? = 0
configure:20085: result: yes
configure:20142: checking for pkg-config
configure:20160: found /usr/bin/pkg-config
configure:20172: result: /usr/bin/pkg-config
configure:20190: checking if we should build the documentation
configure:20199: result: auto
configure:20205: checking for jade
configure:20235: result: no
configure:20243: checking for openjade
configure:20259: found /usr/bin/openjade
configure:20270: result: openjade
configure:20282: checking for Doxygen tools
configure:20286: checking for dot
configure:20333: result: not found
configure:20351: checking for doxygen
configure:20398: result: not found
configure:20592: creating ./config.status

## ---------------- ##
## Cache variables. ##
## ---------------- ##

ac_cv_build=x86_64-unknown-linux-gnu
ac_cv_c_bigendian=no
ac_cv_c_compiler_gnu=yes
ac_cv_c_const=yes
ac_cv_cxx_compiler_gnu=yes
ac_cv_env_CCC_set=
ac_cv_env_CCC_value=
ac_cv_env_CC_set=
ac_cv_env_CC_value=
ac_cv_env_CFLAGS_set=
ac_cv_env_CFLAGS_value=
ac_cv_env_CPPFLAGS_set=
ac_cv_env_CPPFLAGS_value=
ac_cv_env_CPP_set=
ac_cv_env_CPP_value=
ac_cv_env_CXXCPP_set=
ac_cv_env_CXXCPP_value=
ac_cv_env_CXXFLAGS_set=
ac_cv_env_CXXFLAGS_value=
ac_cv_env_CXX_set=
ac_cv_env_CXX_value=
ac_cv_env_F77_set=
ac_cv_env_F77_value=
ac_cv_env_FFLAGS_set=
ac_cv_env_FFLAGS_value=
ac_cv_env_LDFLAGS_set=
ac_cv_env_LDFLAGS_value=
ac_cv_env_LIBS_set=
ac_cv_env_LIBS_value=
ac_cv_env_build_alias_set=
ac_cv_env_build_alias_value=
ac_cv_env_host_alias_set=
ac_cv_env_host_alias_value=
ac_cv_env_target_alias_set=
ac_cv_env_target_alias_value=
ac_cv_f77_compiler_gnu=no
ac_cv_func__doprnt=no
ac_cv_func_memmove=yes
ac_cv_func_vprintf=yes
ac_cv_header_dlfcn_h=yes
ac_cv_header_inttypes_h=yes
ac_cv_header_limits_h=yes
ac_cv_header_memory_h=yes
ac_cv_header_stdc=yes
ac_cv_header_stdint_h=yes
ac_cv_header_stdlib_h=yes
ac_cv_header_string_h=yes
ac_cv_header_strings_h=yes
ac_cv_header_sys_stat_h=yes
ac_cv_header_sys_types_h=yes
ac_cv_header_unistd_h=yes
ac_cv_header_values_h=yes
ac_cv_host=x86_64-unknown-linux-gnu
ac_cv_objext=o
ac_cv_path_EGREP='/bin/grep -E'
ac_cv_path_GREP=/bin/grep
ac_cv_path_PKG_CONFIG=/usr/bin/pkg-config
ac_cv_path_install='/usr/bin/install -c'
ac_cv_prog_AWK=gawk
ac_cv_prog_CPP='gcc -E'
ac_cv_prog_CXXCPP='g++ -E'
ac_cv_prog_JADE=openjade
ac_cv_prog_ac_ct_AR=ar
ac_cv_prog_ac_ct_CC=gcc
ac_cv_prog_ac_ct_CXX=g++
ac_cv_prog_ac_ct_RANLIB=ranlib
ac_cv_prog_ac_ct_STRIP=strip
ac_cv_prog_cc_c89=
ac_cv_prog_cc_g=yes
ac_cv_prog_cc_gcc_c_o=yes
ac_cv_prog_cxx_g=yes
ac_cv_prog_f77_g=no
ac_cv_prog_make_make_set=yes
am_cv_CC_dependencies_compiler_type=gcc3
am_cv_CXX_dependencies_compiler_type=gcc3
libusb_cv_path=NONE
libusb_cv_path_dot=NONE
libusb_cv_path_doxygen=NONE
lt_cv_deplibs_check_method=pass_all
lt_cv_file_magic_cmd='$MAGIC_CMD'
lt_cv_file_magic_test_file='/lib/libc.so* /lib/libc-*.so'
lt_cv_ld_reload_flag=-r
lt_cv_objdir=.libs
lt_cv_path_LD=/usr/bin/ld
lt_cv_path_LDCXX='/usr/bin/ld -m elf_x86_64'
lt_cv_path_NM='/usr/bin/nm -B'
lt_cv_path_SED=/bin/sed
lt_cv_prog_compiler_c_o=yes
lt_cv_prog_compiler_c_o_CXX=yes
lt_cv_prog_compiler_rtti_exceptions=no
lt_cv_prog_gnu_ld=yes
lt_cv_prog_gnu_ldcxx=yes
lt_cv_sys_global_symbol_pipe='sed -n -e '\''s/^.*[ 	]\([ABCDGIRSTW][ABCDGIRSTW]*\)[ 	][ 	]*\(\)\([_A-Za-z][_A-Za-z0-9]*\)$/\1 \2\3 \3/p'\'''
lt_cv_sys_global_symbol_to_c_name_address='sed -n -e '\''s/^: \([^ ]*\) $/  {\"\1\", (lt_ptr) 0},/p'\'' -e '\''s/^[BCDEGRST] \([^ ]*\) \([^ ]*\)$/  {"\2", (lt_ptr) \&\2},/p'\'''
lt_cv_sys_global_symbol_to_cdecl='sed -n -e '\''s/^. .* \(.*\)$/extern int \1;/p'\'''
lt_cv_sys_max_cmd_len=32768
lt_lt_cv_prog_compiler_c_o='"yes"'
lt_lt_cv_prog_compiler_c_o_CXX='"yes"'
lt_lt_cv_sys_global_symbol_pipe='"sed -n -e '\''s/^.*[ 	]\\([ABCDGIRSTW][ABCDGIRSTW]*\\)[ 	][ 	]*\\(\\)\\([_A-Za-z][_A-Za-z0-9]*\\)\$/\\1 \\2\\3 \\3/p'\''"'
lt_lt_cv_sys_global_symbol_to_c_name_address='"sed -n -e '\''s/^: \\([^ ]*\\) \$/  {\\\"\\1\\\", (lt_ptr) 0},/p'\'' -e '\''s/^[BCDEGRST] \\([^ ]*\\) \\([^ ]*\\)\$/  {\"\\2\", (lt_ptr) \\&\\2},/p'\''"'
lt_lt_cv_sys_global_symbol_to_cdecl='"sed -n -e '\''s/^. .* \\(.*\\)\$/extern int \\1;/p'\''"'

## ----------------- ##
## Output variables. ##
## ----------------- ##

ACLOCAL='${SHELL} /home/roxanne/Projects/usb_driver/libusb-0.1.12/missing --run aclocal-1.8'
AMDEPBACKSLASH='\'
AMDEP_FALSE='#'
AMDEP_TRUE=''
AMTAR='${SHELL} /home/roxanne/Projects/usb_driver/libusb-0.1.12/missing --run tar'
AR='ar'
AUTOCONF='${SHELL} /home/roxanne/Projects/usb_driver/libusb-0.1.12/missing --run autoconf'
AUTOHEADER='${SHELL} /home/roxanne/Projects/usb_driver/libusb-0.1.12/missing --run autoheader'
AUTOMAKE='${SHELL} /home/roxanne/Projects/usb_driver/libusb-0.1.12/missing --run automake-1.8'
AWK='gawk'
BIGENDIAN='0'
BSD_API='0'
BSD_API_FALSE=''
BSD_API_TRUE='#'
BUILD_DOCS_FALSE='#'
BUILD_DOCS_TRUE=''
CC='gcc'
CCDEPMODE='depmode=gcc3'
CFLAGS='-g -O2 -g -Wall'
CPP='gcc -E'
CPPFLAGS=''
CXX='g++'
CXXCPP='g++ -E'
CXXDEPMODE='depmode=gcc3'
CXXFLAGS='-g -O2'
CYGPATH_W='echo'
DARWIN_API='0'
DARWIN_API_FALSE=''
DARWIN_API_TRUE='#'
DEFS='-DHAVE_CONFIG_H'
DEPDIR='.deps'
DOXYGEN=''
DOXYGEN_PROJECT_NAME='LIBUSB C++ API Reference'
DOXYGEN_PROJECT_NUMBER='Version 0.1.12'
ECHO='echo'
ECHO_C=''
ECHO_N='-n'
ECHO_T=''
EGREP='/bin/grep -E'
EXEEXT=''
F77=''
FFLAGS=''
GREP='/bin/grep'
INSTALL_DATA='${INSTALL} -m 644'
INSTALL_PROGRAM='${INSTALL}'
INSTALL_SCRIPT='${INSTALL}'
INSTALL_STRIP_PROGRAM='${SHELL} $(install_sh) -c -s'
JADE='openjade'
LDFLAGS=''
LIBOBJS=''
LIBS=''
LIBTOOL='$(SHELL) $(top_builddir)/libtool'
LIBUSB_BINARY_AGE='8'
LIBUSB_HAS_DOXYGEN='no'
LIBUSB_HAVE_DOT='NO'
LIBUSB_INTERFACE_AGE='4'
LIBUSB_MAJOR_VERSION='0'
LIBUSB_MICRO_VERSION='12'
LIBUSB_MINOR_VERSION='1'
LIBUSB_VERSION='0.1.12'
LINUX_API='1'
LINUX_API_FALSE='#'
LINUX_API_TRUE=''
LN_S='ln -s'
LTLIBOBJS=''
LT_AGE='4'
LT_CURRENT='8'
LT_RELEASE='0.1'
LT_REVISION='4'
MAKEINFO='${SHELL} /home/roxanne/Projects/usb_driver/libusb-0.1.12/missing --run makeinfo'
OBJEXT='o'
OSLIBS=''
PACKAGE='libusb'
PACKAGE_BUGREPORT=''
PACKAGE_NAME='libusb'
PACKAGE_STRING='libusb 0.1.12'
PACKAGE_TARNAME='libusb'
PACKAGE_URL=''
PACKAGE_VERSION='0.1.12'
PATH_SEPARATOR=':'
PKG_CONFIG='/usr/bin/pkg-config'
RANLIB='ranlib'
SET_MAKE=''
SHELL='/bin/sh'
STRIP='strip'
VERSION='0.1.12'
ac_ct_CC='gcc'
ac_ct_CXX='g++'
ac_ct_F77=''
am__fastdepCC_FALSE='#'
am__fastdepCC_TRUE=''
am__fastdepCXX_FALSE='#'
am__fastdepCXX_TRUE=''
am__include='include'
am__leading_dot='.'
am__quote=''
bindir='${exec_prefix}/bin'
build='x86_64-unknown-linux-gnu'
build_alias=''
build_cpu='x86_64'
build_os='linux-gnu'
build_vendor='unknown'
datadir='${datarootdir}'
datarootdir='${prefix}/share'
docdir='${datarootdir}/doc/${PACKAGE_TARNAME}'
dvidir='${docdir}'
exec_prefix='${prefix}'
host='x86_64-unknown-linux-gnu'
host_alias=''
host_cpu='x86_64'
host_os='linux-gnu'
host_vendor='unknown'
htmldir='${docdir}'
includedir='${prefix}/include'
infodir='${datarootdir}/info'
install_sh='/home/roxanne/Projects/usb_driver/libusb-0.1.12/install-sh'
libdir='${exec_prefix}/lib'
libexecdir='${exec_prefix}/libexec'
localedir='${datarootdir}/locale'
localstatedir='${prefix}/var'
mandir='${datarootdir}/man'
mkdir_p='mkdir -p -- .'
oldincludedir='/usr/include'
pdfdir='${docdir}'
pkgconfigdir='${exec_prefix}/lib/pkgconfig'
prefix='/usr/local'
program_transform_name='s,x,x,'
psdir='${docdir}'
sbindir='${exec_prefix}/sbin'
sharedstatedir='${prefix}/com'
sysconfdir='${prefix}/etc'
target_alias=''

## ----------- ##
## confdefs.h. ##
## ----------- ##

/* confdefs.h */
#define PACKAGE_NAME "libusb"
#define PACKAGE_TARNAME "libusb"
#define PACKAGE_VERSION "0.1.12"
#define PACKAGE_STRING "libusb 0.1.12"
#define PACKAGE_BUGREPORT ""
#define PACKAGE_URL ""
#define PACKAGE "libusb"
#define VERSION "0.1.12"
#define LIBUSB_MAJOR_VERSION 0
#define LIBUSB_MINOR_VERSION 1
#define LIBUSB_MICRO_VERSION 12
#define LIBUSB_INTERFACE_AGE 4
#define LIBUSB_BINARY_AGE 8
#define STDC_HEADERS 1
#define HAVE_SYS_TYPES_H 1
#define HAVE_SYS_STAT_H 1
#define HAVE_STDLIB_H 1
#define HAVE_STRING_H 1
#define HAVE_MEMORY_H 1
#define HAVE_STRINGS_H 1
#define HAVE_INTTYPES_H 1
#define HAVE_STDINT_H 1
#define HAVE_UNISTD_H 1
#define HAVE_DLFCN_H 1
#define LINUX_API 1
#define BSD_API 0
#define DARWIN_API 0
#define STDC_HEADERS 1
#define HAVE_VPRINTF 1
#define HAVE_LIMITS_H 1
#define HAVE_LIMITS_H 1
#define HAVE_UNISTD_H 1
#define HAVE_UNISTD_H 1
#define HAVE_VALUES_H 1
#define HAVE_VALUES_H 1
#define HAVE_MEMMOVE 1

configure: exit 0

## ---------------------- ##
## Running config.status. ##
## ---------------------- ##

This file was extended by libusb config.status 0.1.12, which was
generated by GNU Autoconf 2.68.  Invocation command line was

  CONFIG_FILES    = 
  CONFIG_HEADERS  = 
  CONFIG_LINKS    = 
  CONFIG_COMMANDS = 
  $ ./config.status 

on intern

config.status:935: creating Makefile
config.status:1038: WARNING:  'Makefile.in' seems to ignore the --datarootdir setting
config.status:935: creating doc/Makefile
config.status:1038: WARNING:  'doc/Makefile.in' seems to ignore the --datarootdir setting
config.status:935: creating libusb.spec
config.status:935: creating libusb-config
config.status:935: creating libusb.pc
config.status:935: creating tests/Makefile
config.status:1038: WARNING:  'tests/Makefile.in' seems to ignore the --datarootdir setting
config.status:935: creating README
config.status:935: creating INSTALL.libusb
config.status:935: creating usb.h
config.status:935: creating Doxyfile
config.status:935: creating config.h
config.status:1157: executing depfiles commands
config.status:1157: executing default commands

## ---------------------- ##
## Running config.status. ##
## ---------------------- ##

This file was extended by libusb config.status 0.1.12, which was
generated by GNU Autoconf 2.68.  Invocation command line was

  CONFIG_FILES    = 
  CONFIG_HEADERS  = 
  CONFIG_LINKS    = 
  CONFIG_COMMANDS = 
  $ ./config.status config.h

on intern

config.status:935: creating config.h
